[2017-07-13 14:46:12] php_system.INFO: E_NOTICE: array (   'type' => 8,   'message' => 'Trying to get property of non-object',   'file' => 'C:\\wamp\\www\\desvan\\wp-content\\plugins\\nextend-google-connect\\nextend-google-connect.php',   'line' => 383, ) [] []
[2017-07-13 14:46:22] php_system.INFO: E_STRICT: array (   'type' => 2048,   'message' => 'call_user_func_array() expects parameter 1 to be a valid callback, non-static method WP_Feed_Cache::create() should not be called statically',   'file' => 'C:\\wamp\\www\\desvan\\wp-includes\\SimplePie\\Registry.php',   'line' => 215, ) [] []
[2017-07-13 15:06:25] php_system.INFO: E_NOTICE: array (   'type' => 8,   'message' => 'unserialize(): Error at offset 0 of 1461 bytes',   'file' => 'C:\\wamp\\www\\desvan\\wp-content\\plugins\\fancy-product-designer\\inc\\class-fancy-product.php',   'line' => 221, ) [] []
[2017-07-13 15:51:54] php_system.INFO: E_NOTICE: array (   'type' => 8,   'message' => 'unserialize(): Error at offset 0 of 1461 bytes',   'file' => 'C:\\wamp\\www\\desvan\\wp-content\\plugins\\fancy-product-designer\\inc\\class-fancy-product.php',   'line' => 221, ) [] []
[2017-07-13 15:52:05] php_system.INFO: E_NOTICE: array (   'type' => 8,   'message' => 'unserialize(): Error at offset 0 of 1461 bytes',   'file' => 'C:\\wamp\\www\\desvan\\wp-content\\plugins\\fancy-product-designer\\inc\\class-fancy-product.php',   'line' => 221, ) [] []
[2017-07-13 15:58:30] php_system.INFO: E_NOTICE: array (   'type' => 8,   'message' => 'unserialize(): Error at offset 0 of 1531 bytes',   'file' => 'C:\\wamp\\www\\desvan\\wp-content\\plugins\\fancy-product-designer\\inc\\class-fancy-product.php',   'line' => 221, ) [] []
[2017-07-13 15:58:34] php_system.INFO: E_NOTICE: array (   'type' => 8,   'message' => 'unserialize(): Error at offset 0 of 1531 bytes',   'file' => 'C:\\wamp\\www\\desvan\\wp-content\\plugins\\fancy-product-designer\\inc\\class-fancy-view.php',   'line' => 32, ) [] []
[2017-07-13 15:58:40] php_system.INFO: E_NOTICE: array (   'type' => 8,   'message' => 'unserialize(): Error at offset 0 of 1531 bytes',   'file' => 'C:\\wamp\\www\\desvan\\wp-content\\plugins\\fancy-product-designer\\inc\\class-fancy-product.php',   'line' => 221, ) [] []
[2017-07-13 15:59:20] php_system.INFO: E_NOTICE: array (   'type' => 8,   'message' => 'Undefined index: class',   'file' => 'C:\\wamp\\www\\desvan\\wp-content\\plugins\\woocommerce\\includes\\admin\\meta-boxes\\views\\html-product-data-panel.php',   'line' => 35, ) [] []
[2017-07-13 16:01:16] php_system.INFO: E_NOTICE: array (   'type' => 8,   'message' => 'Undefined index: class',   'file' => 'C:\\wamp\\www\\desvan\\wp-content\\plugins\\woocommerce\\includes\\admin\\meta-boxes\\views\\html-product-data-panel.php',   'line' => 35, ) [] []
[2017-07-13 16:02:59] php_system.INFO: E_NOTICE: array (   'type' => 8,   'message' => 'Undefined index: class',   'file' => 'C:\\wamp\\www\\desvan\\wp-content\\plugins\\woocommerce\\includes\\admin\\meta-boxes\\views\\html-product-data-panel.php',   'line' => 35, ) [] []
[2017-07-13 16:03:04] php_system.INFO: E_NOTICE: array (   'type' => 8,   'message' => 'Undefined index: class',   'file' => 'C:\\wamp\\www\\desvan\\wp-content\\plugins\\woocommerce\\includes\\admin\\meta-boxes\\views\\html-product-data-panel.php',   'line' => 35, ) [] []
[2017-07-13 16:06:22] php_system.INFO: E_NOTICE: array (   'type' => 8,   'message' => 'unserialize(): Error at offset 0 of 1531 bytes',   'file' => 'C:\\wamp\\www\\desvan\\wp-content\\plugins\\fancy-product-designer\\inc\\class-fancy-product.php',   'line' => 221, ) [] []
[2017-07-13 16:06:33] php_system.INFO: E_NOTICE: array (   'type' => 8,   'message' => 'unserialize(): Error at offset 0 of 1531 bytes',   'file' => 'C:\\wamp\\www\\desvan\\wp-content\\plugins\\fancy-product-designer\\inc\\class-fancy-product.php',   'line' => 221, ) [] []
[2017-07-13 16:06:37] php_system.INFO: E_NOTICE: array (   'type' => 8,   'message' => 'unserialize(): Error at offset 0 of 1531 bytes',   'file' => 'C:\\wamp\\www\\desvan\\wp-content\\plugins\\fancy-product-designer\\inc\\class-fancy-view.php',   'line' => 32, ) [] []
[2017-07-13 16:06:41] php_system.INFO: E_NOTICE: array (   'type' => 8,   'message' => 'unserialize(): Error at offset 0 of 1531 bytes',   'file' => 'C:\\wamp\\www\\desvan\\wp-content\\plugins\\fancy-product-designer\\inc\\class-fancy-product.php',   'line' => 221, ) [] []
[2017-07-13 16:07:49] php_system.INFO: E_NOTICE: array (   'type' => 8,   'message' => 'unserialize(): Error at offset 0 of 1547 bytes',   'file' => 'C:\\wamp\\www\\desvan\\wp-content\\plugins\\fancy-product-designer\\inc\\class-fancy-product.php',   'line' => 221, ) [] []
[2017-07-13 16:07:53] php_system.INFO: E_NOTICE: array (   'type' => 8,   'message' => 'unserialize(): Error at offset 0 of 1547 bytes',   'file' => 'C:\\wamp\\www\\desvan\\wp-content\\plugins\\fancy-product-designer\\inc\\class-fancy-view.php',   'line' => 32, ) [] []
[2017-07-13 16:07:58] php_system.INFO: E_NOTICE: array (   'type' => 8,   'message' => 'unserialize(): Error at offset 0 of 1547 bytes',   'file' => 'C:\\wamp\\www\\desvan\\wp-content\\plugins\\fancy-product-designer\\inc\\class-fancy-product.php',   'line' => 221, ) [] []
[2017-07-13 17:21:46] php_system.INFO: E_NOTICE: array (   'type' => 8,   'message' => 'unserialize(): Error at offset 0 of 1547 bytes',   'file' => 'C:\\wamp\\www\\desvan\\wp-content\\plugins\\fancy-product-designer\\inc\\class-fancy-product.php',   'line' => 221, ) [] []
[2017-07-13 17:21:50] php_system.INFO: E_NOTICE: array (   'type' => 8,   'message' => 'unserialize(): Error at offset 0 of 1461 bytes',   'file' => 'C:\\wamp\\www\\desvan\\wp-content\\plugins\\fancy-product-designer\\inc\\class-fancy-view.php',   'line' => 32, ) [] []
[2017-07-13 17:21:54] php_system.INFO: E_NOTICE: array (   'type' => 8,   'message' => 'unserialize(): Error at offset 0 of 1547 bytes',   'file' => 'C:\\wamp\\www\\desvan\\wp-content\\plugins\\fancy-product-designer\\inc\\class-fancy-product.php',   'line' => 221, ) [] []
[2017-07-13 17:22:02] php_system.INFO: E_NOTICE: array (   'type' => 8,   'message' => 'unserialize(): Error at offset 0 of 1547 bytes',   'file' => 'C:\\wamp\\www\\desvan\\wp-content\\plugins\\fancy-product-designer\\inc\\class-fancy-product.php',   'line' => 221, ) [] []
[2017-07-13 17:22:06] php_system.INFO: E_NOTICE: array (   'type' => 8,   'message' => 'unserialize(): Error at offset 0 of 1547 bytes',   'file' => 'C:\\wamp\\www\\desvan\\wp-content\\plugins\\fancy-product-designer\\inc\\class-fancy-view.php',   'line' => 32, ) [] []
[2017-07-13 17:22:10] php_system.INFO: E_NOTICE: array (   'type' => 8,   'message' => 'unserialize(): Error at offset 0 of 1547 bytes',   'file' => 'C:\\wamp\\www\\desvan\\wp-content\\plugins\\fancy-product-designer\\inc\\class-fancy-product.php',   'line' => 221, ) [] []
[2017-07-13 18:11:27] php_system.INFO: E_NOTICE: array (   'type' => 8,   'message' => 'unserialize(): Error at offset 0 of 1430 bytes',   'file' => 'C:\\wamp\\www\\desvan\\wp-content\\plugins\\fancy-product-designer\\inc\\class-fancy-product.php',   'line' => 221, ) [] []
[2017-07-13 18:11:31] php_system.INFO: E_NOTICE: array (   'type' => 8,   'message' => 'unserialize(): Error at offset 0 of 1430 bytes',   'file' => 'C:\\wamp\\www\\desvan\\wp-content\\plugins\\fancy-product-designer\\inc\\class-fancy-view.php',   'line' => 32, ) [] []
[2017-07-13 18:11:35] php_system.INFO: E_NOTICE: array (   'type' => 8,   'message' => 'unserialize(): Error at offset 0 of 1430 bytes',   'file' => 'C:\\wamp\\www\\desvan\\wp-content\\plugins\\fancy-product-designer\\inc\\class-fancy-product.php',   'line' => 221, ) [] []
[2017-07-13 18:11:47] php_system.INFO: E_NOTICE: array (   'type' => 8,   'message' => 'unserialize(): Error at offset 0 of 1458 bytes',   'file' => 'C:\\wamp\\www\\desvan\\wp-content\\plugins\\fancy-product-designer\\inc\\class-fancy-product.php',   'line' => 221, ) [] []
[2017-07-13 18:11:51] php_system.INFO: E_NOTICE: array (   'type' => 8,   'message' => 'unserialize(): Error at offset 0 of 1458 bytes',   'file' => 'C:\\wamp\\www\\desvan\\wp-content\\plugins\\fancy-product-designer\\inc\\class-fancy-view.php',   'line' => 32, ) [] []
[2017-07-13 18:11:55] php_system.INFO: E_NOTICE: array (   'type' => 8,   'message' => 'unserialize(): Error at offset 0 of 1458 bytes',   'file' => 'C:\\wamp\\www\\desvan\\wp-content\\plugins\\fancy-product-designer\\inc\\class-fancy-product.php',   'line' => 221, ) [] []
[2017-07-13 18:13:02] php_system.INFO: E_NOTICE: array (   'type' => 8,   'message' => 'unserialize(): Error at offset 0 of 1458 bytes',   'file' => 'C:\\wamp\\www\\desvan\\wp-content\\plugins\\fancy-product-designer\\inc\\class-fancy-product.php',   'line' => 221, ) [] []
[2017-07-13 18:13:06] php_system.INFO: E_NOTICE: array (   'type' => 8,   'message' => 'unserialize(): Error at offset 0 of 1458 bytes',   'file' => 'C:\\wamp\\www\\desvan\\wp-content\\plugins\\fancy-product-designer\\inc\\class-fancy-view.php',   'line' => 32, ) [] []
[2017-07-13 18:13:10] php_system.INFO: E_NOTICE: array (   'type' => 8,   'message' => 'unserialize(): Error at offset 0 of 1458 bytes',   'file' => 'C:\\wamp\\www\\desvan\\wp-content\\plugins\\fancy-product-designer\\inc\\class-fancy-product.php',   'line' => 221, ) [] []
[2017-07-13 18:18:44] php_system.INFO: E_NOTICE: array (   'type' => 8,   'message' => 'Undefined index: class',   'file' => 'C:\\wamp\\www\\desvan\\wp-content\\plugins\\woocommerce\\includes\\admin\\meta-boxes\\views\\html-product-data-panel.php',   'line' => 35, ) [] []
[2017-07-13 18:21:08] php_system.INFO: E_NOTICE: array (   'type' => 8,   'message' => 'Undefined index: class',   'file' => 'C:\\wamp\\www\\desvan\\wp-content\\plugins\\woocommerce\\includes\\admin\\meta-boxes\\views\\html-product-data-panel.php',   'line' => 35, ) [] []
[2017-07-13 18:22:57] php_system.INFO: E_NOTICE: array (   'type' => 8,   'message' => 'Undefined index: class',   'file' => 'C:\\wamp\\www\\desvan\\wp-content\\plugins\\woocommerce\\includes\\admin\\meta-boxes\\views\\html-product-data-panel.php',   'line' => 35, ) [] []
[2017-07-13 18:30:23] php_system.INFO: E_NOTICE: array (   'type' => 8,   'message' => 'Undefined index: class',   'file' => 'C:\\wamp\\www\\desvan\\wp-content\\plugins\\woocommerce\\includes\\admin\\meta-boxes\\views\\html-product-data-panel.php',   'line' => 35, ) [] []
[2017-07-13 18:32:38] php_system.INFO: E_NOTICE: array (   'type' => 8,   'message' => 'Undefined index: class',   'file' => 'C:\\wamp\\www\\desvan\\wp-content\\plugins\\woocommerce\\includes\\admin\\meta-boxes\\views\\html-product-data-panel.php',   'line' => 35, ) [] []
[2017-07-13 18:40:04] php_system.INFO: E_NOTICE: array (   'type' => 8,   'message' => 'Undefined index: class',   'file' => 'C:\\wamp\\www\\desvan\\wp-content\\plugins\\woocommerce\\includes\\admin\\meta-boxes\\views\\html-product-data-panel.php',   'line' => 35, ) [] []
[2017-07-13 18:44:16] php_system.INFO: E_NOTICE: array (   'type' => 8,   'message' => 'Undefined index: class',   'file' => 'C:\\wamp\\www\\desvan\\wp-content\\plugins\\woocommerce\\includes\\admin\\meta-boxes\\views\\html-product-data-panel.php',   'line' => 35, ) [] []
[2017-07-13 18:47:21] php_system.INFO: E_NOTICE: array (   'type' => 8,   'message' => 'Undefined index: class',   'file' => 'C:\\wamp\\www\\desvan\\wp-content\\plugins\\woocommerce\\includes\\admin\\meta-boxes\\views\\html-product-data-panel.php',   'line' => 35, ) [] []
[2017-07-13 18:48:21] php_system.INFO: E_NOTICE: array (   'type' => 8,   'message' => 'Undefined index: class',   'file' => 'C:\\wamp\\www\\desvan\\wp-content\\plugins\\woocommerce\\includes\\admin\\meta-boxes\\views\\html-product-data-panel.php',   'line' => 35, ) [] []
[2017-07-13 18:49:10] php_system.INFO: E_NOTICE: array (   'type' => 8,   'message' => 'Undefined index: class',   'file' => 'C:\\wamp\\www\\desvan\\wp-content\\plugins\\woocommerce\\includes\\admin\\meta-boxes\\views\\html-product-data-panel.php',   'line' => 35, ) [] []
[2017-07-13 18:54:44] php_system.INFO: E_NOTICE: array (   'type' => 8,   'message' => 'Undefined index: class',   'file' => 'C:\\wamp\\www\\desvan\\wp-content\\plugins\\woocommerce\\includes\\admin\\meta-boxes\\views\\html-product-data-panel.php',   'line' => 35, ) [] []
[2017-07-13 18:56:39] php_system.INFO: E_NOTICE: array (   'type' => 8,   'message' => 'Undefined index: class',   'file' => 'C:\\wamp\\www\\desvan\\wp-content\\plugins\\woocommerce\\includes\\admin\\meta-boxes\\views\\html-product-data-panel.php',   'line' => 35, ) [] []
[2017-07-13 18:58:58] php_system.INFO: E_NOTICE: array (   'type' => 8,   'message' => 'Undefined index: class',   'file' => 'C:\\wamp\\www\\desvan\\wp-content\\plugins\\woocommerce\\includes\\admin\\meta-boxes\\views\\html-product-data-panel.php',   'line' => 35, ) [] []
[2017-07-13 18:59:48] php_system.INFO: E_NOTICE: array (   'type' => 8,   'message' => 'Undefined index: class',   'file' => 'C:\\wamp\\www\\desvan\\wp-content\\plugins\\woocommerce\\includes\\admin\\meta-boxes\\views\\html-product-data-panel.php',   'line' => 35, ) [] []
[2017-07-13 19:01:17] php_system.INFO: E_NOTICE: array (   'type' => 8,   'message' => 'Undefined index: class',   'file' => 'C:\\wamp\\www\\desvan\\wp-content\\plugins\\woocommerce\\includes\\admin\\meta-boxes\\views\\html-product-data-panel.php',   'line' => 35, ) [] []
[2017-07-13 20:29:00] php_system.INFO: E_NOTICE: array (   'type' => 8,   'message' => 'unserialize(): Error at offset 0 of 1458 bytes',   'file' => 'C:\\wamp\\www\\desvan\\wp-content\\plugins\\fancy-product-designer\\inc\\class-fancy-product.php',   'line' => 221, ) [] []
[2017-07-13 20:34:30] php_system.INFO: E_NOTICE: array (   'type' => 8,   'message' => 'Undefined index: class',   'file' => 'C:\\wamp\\www\\desvan\\wp-content\\plugins\\woocommerce\\includes\\admin\\meta-boxes\\views\\html-product-data-panel.php',   'line' => 35, ) [] []
[2017-07-13 20:43:36] php_system.INFO: E_NOTICE: array (   'type' => 8,   'message' => 'Undefined index: class',   'file' => 'C:\\wamp\\www\\desvan\\wp-content\\plugins\\woocommerce\\includes\\admin\\meta-boxes\\views\\html-product-data-panel.php',   'line' => 35, ) [] []
[2017-07-13 20:44:53] php_system.INFO: E_NOTICE: array (   'type' => 8,   'message' => 'unserialize(): Error at offset 0 of 1458 bytes',   'file' => 'C:\\wamp\\www\\desvan\\wp-content\\plugins\\fancy-product-designer\\inc\\class-fancy-product.php',   'line' => 221, ) [] []
[2017-07-13 20:45:53] php_system.INFO: E_NOTICE: array (   'type' => 8,   'message' => 'unserialize(): Error at offset 0 of 1458 bytes',   'file' => 'C:\\wamp\\www\\desvan\\wp-content\\plugins\\fancy-product-designer\\inc\\class-fancy-product.php',   'line' => 221, ) [] []
[2017-07-13 20:46:18] php_system.INFO: E_NOTICE: array (   'type' => 8,   'message' => 'unserialize(): Error at offset 0 of 1458 bytes',   'file' => 'C:\\wamp\\www\\desvan\\wp-content\\plugins\\fancy-product-designer\\inc\\class-fancy-product.php',   'line' => 221, ) [] []
[2017-07-13 20:46:21] php_system.INFO: E_NOTICE: array (   'type' => 8,   'message' => 'unserialize(): Error at offset 0 of 1458 bytes',   'file' => 'C:\\wamp\\www\\desvan\\wp-content\\plugins\\fancy-product-designer\\inc\\class-fancy-view.php',   'line' => 32, ) [] []
[2017-07-13 20:46:26] php_system.INFO: E_NOTICE: array (   'type' => 8,   'message' => 'unserialize(): Error at offset 0 of 1458 bytes',   'file' => 'C:\\wamp\\www\\desvan\\wp-content\\plugins\\fancy-product-designer\\inc\\class-fancy-product.php',   'line' => 221, ) [] []
[2017-07-13 20:47:56] php_system.INFO: E_NOTICE: array (   'type' => 8,   'message' => 'unserialize(): Error at offset 0 of 1458 bytes',   'file' => 'C:\\wamp\\www\\desvan\\wp-content\\plugins\\fancy-product-designer\\inc\\class-fancy-product.php',   'line' => 221, ) [] []
[2017-07-13 20:48:00] php_system.INFO: E_NOTICE: array (   'type' => 8,   'message' => 'unserialize(): Error at offset 0 of 1458 bytes',   'file' => 'C:\\wamp\\www\\desvan\\wp-content\\plugins\\fancy-product-designer\\inc\\class-fancy-view.php',   'line' => 32, ) [] []
[2017-07-13 20:48:04] php_system.INFO: E_NOTICE: array (   'type' => 8,   'message' => 'unserialize(): Error at offset 0 of 1458 bytes',   'file' => 'C:\\wamp\\www\\desvan\\wp-content\\plugins\\fancy-product-designer\\inc\\class-fancy-product.php',   'line' => 221, ) [] []
[2017-07-13 20:49:18] php_system.INFO: E_NOTICE: array (   'type' => 8,   'message' => 'Undefined index: class',   'file' => 'C:\\wamp\\www\\desvan\\wp-content\\plugins\\woocommerce\\includes\\admin\\meta-boxes\\views\\html-product-data-panel.php',   'line' => 35, ) [] []
[2017-07-13 20:50:27] php_system.INFO: E_NOTICE: array (   'type' => 8,   'message' => 'Undefined index: class',   'file' => 'C:\\wamp\\www\\desvan\\wp-content\\plugins\\woocommerce\\includes\\admin\\meta-boxes\\views\\html-product-data-panel.php',   'line' => 35, ) [] []
[2017-07-13 20:54:43] php_system.INFO: E_NOTICE: array (   'type' => 8,   'message' => 'Undefined index: class',   'file' => 'C:\\wamp\\www\\desvan\\wp-content\\plugins\\woocommerce\\includes\\admin\\meta-boxes\\views\\html-product-data-panel.php',   'line' => 35, ) [] []
[2017-07-13 20:55:30] php_system.INFO: E_NOTICE: array (   'type' => 8,   'message' => 'Undefined index: class',   'file' => 'C:\\wamp\\www\\desvan\\wp-content\\plugins\\woocommerce\\includes\\admin\\meta-boxes\\views\\html-product-data-panel.php',   'line' => 35, ) [] []
[2017-07-13 20:57:22] php_system.INFO: E_NOTICE: array (   'type' => 8,   'message' => 'Undefined index: class',   'file' => 'C:\\wamp\\www\\desvan\\wp-content\\plugins\\woocommerce\\includes\\admin\\meta-boxes\\views\\html-product-data-panel.php',   'line' => 35, ) [] []
[2017-07-13 21:23:06] php_system.INFO: E_NOTICE: array (   'type' => 8,   'message' => 'Undefined index: class',   'file' => 'C:\\wamp\\www\\desvan\\wp-content\\plugins\\woocommerce\\includes\\admin\\meta-boxes\\views\\html-product-data-panel.php',   'line' => 35, ) [] []
[2017-07-13 21:26:41] php_system.INFO: E_NOTICE: array (   'type' => 8,   'message' => 'Undefined index: class',   'file' => 'C:\\wamp\\www\\desvan\\wp-content\\plugins\\woocommerce\\includes\\admin\\meta-boxes\\views\\html-product-data-panel.php',   'line' => 35, ) [] []
[2017-07-13 21:30:25] php_system.INFO: E_NOTICE: array (   'type' => 8,   'message' => 'Undefined index: class',   'file' => 'C:\\wamp\\www\\desvan\\wp-content\\plugins\\woocommerce\\includes\\admin\\meta-boxes\\views\\html-product-data-panel.php',   'line' => 35, ) [] []
[2017-07-13 21:33:17] php_system.INFO: E_NOTICE: array (   'type' => 8,   'message' => 'Undefined index: class',   'file' => 'C:\\wamp\\www\\desvan\\wp-content\\plugins\\woocommerce\\includes\\admin\\meta-boxes\\views\\html-product-data-panel.php',   'line' => 35, ) [] []
[2017-07-13 21:34:22] php_system.INFO: E_NOTICE: array (   'type' => 8,   'message' => 'Undefined index: class',   'file' => 'C:\\wamp\\www\\desvan\\wp-content\\plugins\\woocommerce\\includes\\admin\\meta-boxes\\views\\html-product-data-panel.php',   'line' => 35, ) [] []
[2017-07-13 21:35:40] php_system.INFO: E_NOTICE: array (   'type' => 8,   'message' => 'Undefined index: class',   'file' => 'C:\\wamp\\www\\desvan\\wp-content\\plugins\\woocommerce\\includes\\admin\\meta-boxes\\views\\html-product-data-panel.php',   'line' => 35, ) [] []
[2017-07-13 21:36:57] php_system.INFO: E_NOTICE: array (   'type' => 8,   'message' => 'Undefined index: class',   'file' => 'C:\\wamp\\www\\desvan\\wp-content\\plugins\\woocommerce\\includes\\admin\\meta-boxes\\views\\html-product-data-panel.php',   'line' => 35, ) [] []
[2017-07-13 21:38:10] php_system.INFO: E_NOTICE: array (   'type' => 8,   'message' => 'Undefined index: class',   'file' => 'C:\\wamp\\www\\desvan\\wp-content\\plugins\\woocommerce\\includes\\admin\\meta-boxes\\views\\html-product-data-panel.php',   'line' => 35, ) [] []
[2017-07-13 21:39:27] php_system.INFO: E_NOTICE: array (   'type' => 8,   'message' => 'Undefined index: class',   'file' => 'C:\\wamp\\www\\desvan\\wp-content\\plugins\\woocommerce\\includes\\admin\\meta-boxes\\views\\html-product-data-panel.php',   'line' => 35, ) [] []
[2017-07-13 21:42:06] php_system.INFO: E_NOTICE: array (   'type' => 8,   'message' => 'Undefined index: class',   'file' => 'C:\\wamp\\www\\desvan\\wp-content\\plugins\\woocommerce\\includes\\admin\\meta-boxes\\views\\html-product-data-panel.php',   'line' => 35, ) [] []
[2017-07-13 21:43:01] php_system.INFO: E_NOTICE: array (   'type' => 8,   'message' => 'Undefined index: class',   'file' => 'C:\\wamp\\www\\desvan\\wp-content\\plugins\\woocommerce\\includes\\admin\\meta-boxes\\views\\html-product-data-panel.php',   'line' => 35, ) [] []
[2017-07-13 21:43:54] php_system.INFO: E_NOTICE: array (   'type' => 8,   'message' => 'Undefined index: class',   'file' => 'C:\\wamp\\www\\desvan\\wp-content\\plugins\\woocommerce\\includes\\admin\\meta-boxes\\views\\html-product-data-panel.php',   'line' => 35, ) [] []
[2017-07-13 21:44:02] php_system.INFO: E_NOTICE: array (   'type' => 8,   'message' => 'unserialize(): Error at offset 0 of 1458 bytes',   'file' => 'C:\\wamp\\www\\desvan\\wp-content\\plugins\\fancy-product-designer\\inc\\class-fancy-product.php',   'line' => 221, ) [] []
[2017-07-13 21:44:13] php_system.INFO: E_NOTICE: array (   'type' => 8,   'message' => 'unserialize(): Error at offset 0 of 1458 bytes',   'file' => 'C:\\wamp\\www\\desvan\\wp-content\\plugins\\fancy-product-designer\\inc\\class-fancy-product.php',   'line' => 221, ) [] []
[2017-07-13 21:44:17] php_system.INFO: E_NOTICE: array (   'type' => 8,   'message' => 'unserialize(): Error at offset 0 of 1458 bytes',   'file' => 'C:\\wamp\\www\\desvan\\wp-content\\plugins\\fancy-product-designer\\inc\\class-fancy-view.php',   'line' => 32, ) [] []
[2017-07-13 21:44:20] php_system.INFO: E_NOTICE: array (   'type' => 8,   'message' => 'unserialize(): Error at offset 0 of 1458 bytes',   'file' => 'C:\\wamp\\www\\desvan\\wp-content\\plugins\\fancy-product-designer\\inc\\class-fancy-product.php',   'line' => 221, ) [] []
[2017-07-13 21:45:04] php_system.INFO: E_NOTICE: array (   'type' => 8,   'message' => 'unserialize(): Error at offset 0 of 1460 bytes',   'file' => 'C:\\wamp\\www\\desvan\\wp-content\\plugins\\fancy-product-designer\\inc\\class-fancy-product.php',   'line' => 221, ) [] []
[2017-07-13 21:45:08] php_system.INFO: E_NOTICE: array (   'type' => 8,   'message' => 'unserialize(): Error at offset 0 of 1460 bytes',   'file' => 'C:\\wamp\\www\\desvan\\wp-content\\plugins\\fancy-product-designer\\inc\\class-fancy-view.php',   'line' => 32, ) [] []
[2017-07-13 21:45:11] php_system.INFO: E_NOTICE: array (   'type' => 8,   'message' => 'unserialize(): Error at offset 0 of 1460 bytes',   'file' => 'C:\\wamp\\www\\desvan\\wp-content\\plugins\\fancy-product-designer\\inc\\class-fancy-product.php',   'line' => 221, ) [] []
[2017-07-13 21:45:46] php_system.INFO: E_NOTICE: array (   'type' => 8,   'message' => 'unserialize(): Error at offset 0 of 1460 bytes',   'file' => 'C:\\wamp\\www\\desvan\\wp-content\\plugins\\fancy-product-designer\\inc\\class-fancy-product.php',   'line' => 221, ) [] []
[2017-07-13 21:46:31] php_system.INFO: E_NOTICE: array (   'type' => 8,   'message' => 'Undefined index: class',   'file' => 'C:\\wamp\\www\\desvan\\wp-content\\plugins\\woocommerce\\includes\\admin\\meta-boxes\\views\\html-product-data-panel.php',   'line' => 35, ) [] []
[2017-07-13 21:46:48] php_system.INFO: E_NOTICE: array (   'type' => 8,   'message' => 'Undefined index: class',   'file' => 'C:\\wamp\\www\\desvan\\wp-content\\plugins\\woocommerce\\includes\\admin\\meta-boxes\\views\\html-product-data-panel.php',   'line' => 35, ) [] []
[2017-07-13 21:48:14] php_system.INFO: E_NOTICE: array (   'type' => 8,   'message' => 'Undefined index: class',   'file' => 'C:\\wamp\\www\\desvan\\wp-content\\plugins\\woocommerce\\includes\\admin\\meta-boxes\\views\\html-product-data-panel.php',   'line' => 35, ) [] []
[2017-07-13 21:54:22] php_system.INFO: E_NOTICE: array (   'type' => 8,   'message' => 'unserialize(): Error at offset 0 of 1460 bytes',   'file' => 'C:\\wamp\\www\\desvan\\wp-content\\plugins\\fancy-product-designer\\inc\\class-fancy-product.php',   'line' => 221, ) [] []
[2017-07-13 21:54:32] php_system.INFO: E_NOTICE: array (   'type' => 8,   'message' => 'unserialize(): Error at offset 0 of 1460 bytes',   'file' => 'C:\\wamp\\www\\desvan\\wp-content\\plugins\\fancy-product-designer\\inc\\class-fancy-product.php',   'line' => 221, ) [] []
[2017-07-13 21:54:36] php_system.INFO: E_NOTICE: array (   'type' => 8,   'message' => 'unserialize(): Error at offset 0 of 1461 bytes',   'file' => 'C:\\wamp\\www\\desvan\\wp-content\\plugins\\fancy-product-designer\\inc\\class-fancy-view.php',   'line' => 32, ) [] []
[2017-07-13 21:54:40] php_system.INFO: E_NOTICE: array (   'type' => 8,   'message' => 'unserialize(): Error at offset 0 of 1460 bytes',   'file' => 'C:\\wamp\\www\\desvan\\wp-content\\plugins\\fancy-product-designer\\inc\\class-fancy-product.php',   'line' => 221, ) [] []
[2017-07-13 21:54:42] php_system.INFO: E_NOTICE: array (   'type' => 8,   'message' => 'unserialize(): Error at offset 0 of 1460 bytes',   'file' => 'C:\\wamp\\www\\desvan\\wp-content\\plugins\\fancy-product-designer\\inc\\class-fancy-product.php',   'line' => 221, ) [] []
[2017-07-13 21:54:46] php_system.INFO: E_NOTICE: array (   'type' => 8,   'message' => 'unserialize(): Error at offset 0 of 1460 bytes',   'file' => 'C:\\wamp\\www\\desvan\\wp-content\\plugins\\fancy-product-designer\\inc\\class-fancy-view.php',   'line' => 32, ) [] []
[2017-07-13 21:54:50] php_system.INFO: E_NOTICE: array (   'type' => 8,   'message' => 'unserialize(): Error at offset 0 of 1460 bytes',   'file' => 'C:\\wamp\\www\\desvan\\wp-content\\plugins\\fancy-product-designer\\inc\\class-fancy-product.php',   'line' => 221, ) [] []
[2017-07-13 21:58:41] php_system.INFO: E_NOTICE: array (   'type' => 8,   'message' => 'unserialize(): Error at offset 0 of 1460 bytes',   'file' => 'C:\\wamp\\www\\desvan\\wp-content\\plugins\\fancy-product-designer\\inc\\class-fancy-product.php',   'line' => 221, ) [] []
[2017-07-13 21:58:45] php_system.INFO: E_NOTICE: array (   'type' => 8,   'message' => 'unserialize(): Error at offset 0 of 1460 bytes',   'file' => 'C:\\wamp\\www\\desvan\\wp-content\\plugins\\fancy-product-designer\\inc\\class-fancy-view.php',   'line' => 32, ) [] []
[2017-07-13 21:58:49] php_system.INFO: E_NOTICE: array (   'type' => 8,   'message' => 'unserialize(): Error at offset 0 of 1460 bytes',   'file' => 'C:\\wamp\\www\\desvan\\wp-content\\plugins\\fancy-product-designer\\inc\\class-fancy-product.php',   'line' => 221, ) [] []
[2017-07-13 22:19:05] php_system.INFO: E_NOTICE: array (   'type' => 8,   'message' => 'Undefined index: class',   'file' => 'C:\\wamp\\www\\desvan\\wp-content\\plugins\\woocommerce\\includes\\admin\\meta-boxes\\views\\html-product-data-panel.php',   'line' => 35, ) [] []
[2017-07-13 22:20:49] php_system.INFO: E_NOTICE: array (   'type' => 8,   'message' => 'Undefined index: class',   'file' => 'C:\\wamp\\www\\desvan\\wp-content\\plugins\\woocommerce\\includes\\admin\\meta-boxes\\views\\html-product-data-panel.php',   'line' => 35, ) [] []
[2017-07-13 22:24:32] php_system.INFO: E_NOTICE: array (   'type' => 8,   'message' => 'Undefined index: class',   'file' => 'C:\\wamp\\www\\desvan\\wp-content\\plugins\\woocommerce\\includes\\admin\\meta-boxes\\views\\html-product-data-panel.php',   'line' => 35, ) [] []
[2017-07-13 23:29:33] php_system.INFO: E_NOTICE: array (   'type' => 8,   'message' => 'Undefined index: fb_link_button',   'file' => 'C:\\wamp\\www\\desvan\\wp-content\\plugins\\nextend-facebook-connect\\nextend-facebook-connect.php',   'line' => 495, ) [] []
