[2017-10-23 16:30:38] php_system.INFO: E_NOTICE: array (   'type' => 8,   'message' => 'Trying to get property of non-object',   'file' => '/home/creactiv/public_html/demos/desvan/wp-content/plugins/nextend-google-connect/nextend-google-connect.php',   'line' => 383, ) [] []
[2017-10-23 16:30:41] php_system.INFO: E_NOTICE: array (   'type' => 8,   'message' => 'Trying to get property of non-object',   'file' => '/home/creactiv/public_html/demos/desvan/wp-content/plugins/nextend-google-connect/nextend-google-connect.php',   'line' => 383, ) [] []
[2017-10-23 16:30:44] php_system.INFO: E_STRICT: array (   'type' => 2048,   'message' => 'call_user_func_array() expects parameter 1 to be a valid callback, non-static method WP_Feed_Cache::create() should not be called statically',   'file' => '/home/creactiv/public_html/demos/desvan/wp-includes/SimplePie/Registry.php',   'line' => 215, ) [] []
[2017-10-23 16:30:44] php_system.INFO: E_STRICT: array (   'type' => 2048,   'message' => 'call_user_func_array() expects parameter 1 to be a valid callback, non-static method WP_Feed_Cache::create() should not be called statically',   'file' => '/home/creactiv/public_html/demos/desvan/wp-includes/SimplePie/Registry.php',   'line' => 215, ) [] []
[2017-10-23 16:31:11] php_system.INFO: E_NOTICE: array (   'type' => 8,   'message' => 'unserialize(): Error at offset 0 of 1460 bytes',   'file' => '/home/creactiv/public_html/demos/desvan/wp-content/plugins/fancy-product-designer/inc/class-fancy-product.php',   'line' => 221, ) [] []
[2017-10-23 16:32:09] php_system.INFO: E_NOTICE: array (   'type' => 8,   'message' => 'Undefined index: class',   'file' => '/home/creactiv/public_html/demos/desvan/wp-content/plugins/woocommerce/includes/admin/meta-boxes/views/html-product-data-panel.php',   'line' => 35, ) [] []
[2017-10-23 16:32:48] php_system.INFO: E_NOTICE: array (   'type' => 8,   'message' => 'Undefined index: max',   'file' => '/home/creactiv/public_html/demos/desvan/wp-content/plugins/yith-woocommerce-product-add-ons/templates/yith_wapo/admin/yith-wapo-form-option-type.php',   'line' => 134, ) [] []
[2017-10-23 16:39:16] php_system.INFO: E_NOTICE: array (   'type' => 8,   'message' => 'Undefined index: class',   'file' => '/home/creactiv/public_html/demos/desvan/wp-content/plugins/woocommerce/includes/admin/meta-boxes/views/html-product-data-panel.php',   'line' => 35, ) [] []
[2017-10-23 16:39:30] php_system.INFO: E_NOTICE: array (   'type' => 8,   'message' => 'Undefined index: class',   'file' => '/home/creactiv/public_html/demos/desvan/wp-content/plugins/woocommerce/includes/admin/meta-boxes/views/html-product-data-panel.php',   'line' => 35, ) [] []
[2017-10-23 16:41:05] php_system.INFO: E_NOTICE: array (   'type' => 8,   'message' => 'Undefined index: class',   'file' => '/home/creactiv/public_html/demos/desvan/wp-content/plugins/woocommerce/includes/admin/meta-boxes/views/html-product-data-panel.php',   'line' => 35, ) [] []
[2017-10-23 16:55:51] php_system.INFO: E_NOTICE: array (   'type' => 8,   'message' => 'Undefined index: class',   'file' => '/home/creactiv/public_html/demos/desvan/wp-content/plugins/woocommerce/includes/admin/meta-boxes/views/html-product-data-panel.php',   'line' => 35, ) [] []
[2017-10-23 16:56:30] php_system.INFO: E_STRICT: array (   'type' => 2048,   'message' => 'Non-static method Imagick::queryformats() should not be called statically',   'file' => '/home/creactiv/public_html/demos/desvan/wp-includes/class-wp-image-editor-imagick.php',   'line' => 119, ) [] []
[2017-10-23 16:56:45] php_system.INFO: E_STRICT: array (   'type' => 2048,   'message' => 'Non-static method Imagick::queryformats() should not be called statically',   'file' => '/home/creactiv/public_html/demos/desvan/wp-includes/class-wp-image-editor-imagick.php',   'line' => 119, ) [] []
[2017-10-23 16:56:57] php_system.INFO: E_NOTICE: array (   'type' => 8,   'message' => 'Undefined index: class',   'file' => '/home/creactiv/public_html/demos/desvan/wp-content/plugins/woocommerce/includes/admin/meta-boxes/views/html-product-data-panel.php',   'line' => 35, ) [] []
[2017-10-23 16:57:57] php_system.INFO: E_NOTICE: array (   'type' => 8,   'message' => 'Undefined index: class',   'file' => '/home/creactiv/public_html/demos/desvan/wp-content/plugins/woocommerce/includes/admin/meta-boxes/views/html-product-data-panel.php',   'line' => 35, ) [] []
[2017-10-23 16:58:20] php_system.INFO: E_NOTICE: array (   'type' => 8,   'message' => 'Undefined index: class',   'file' => '/home/creactiv/public_html/demos/desvan/wp-content/plugins/woocommerce/includes/admin/meta-boxes/views/html-product-data-panel.php',   'line' => 35, ) [] []
[2017-10-23 16:59:59] php_system.INFO: E_STRICT: array (   'type' => 2048,   'message' => 'Non-static method Imagick::queryformats() should not be called statically',   'file' => '/home/creactiv/public_html/demos/desvan/wp-includes/class-wp-image-editor-imagick.php',   'line' => 119, ) [] []
[2017-10-23 17:00:17] php_system.INFO: E_STRICT: array (   'type' => 2048,   'message' => 'Non-static method Imagick::queryformats() should not be called statically',   'file' => '/home/creactiv/public_html/demos/desvan/wp-includes/class-wp-image-editor-imagick.php',   'line' => 119, ) [] []
[2017-10-23 17:00:33] php_system.INFO: E_NOTICE: array (   'type' => 8,   'message' => 'Undefined index: class',   'file' => '/home/creactiv/public_html/demos/desvan/wp-content/plugins/woocommerce/includes/admin/meta-boxes/views/html-product-data-panel.php',   'line' => 35, ) [] []
[2017-10-23 17:00:38] php_system.INFO: E_NOTICE: array (   'type' => 8,   'message' => 'Undefined index: class',   'file' => '/home/creactiv/public_html/demos/desvan/wp-content/plugins/woocommerce/includes/admin/meta-boxes/views/html-product-data-panel.php',   'line' => 35, ) [] []
[2017-10-23 17:01:08] php_system.INFO: E_NOTICE: array (   'type' => 8,   'message' => 'Undefined index: class',   'file' => '/home/creactiv/public_html/demos/desvan/wp-content/plugins/woocommerce/includes/admin/meta-boxes/views/html-product-data-panel.php',   'line' => 35, ) [] []
[2017-10-23 17:01:48] php_system.INFO: E_NOTICE: array (   'type' => 8,   'message' => 'Undefined index: class',   'file' => '/home/creactiv/public_html/demos/desvan/wp-content/plugins/woocommerce/includes/admin/meta-boxes/views/html-product-data-panel.php',   'line' => 35, ) [] []
[2017-10-23 17:04:47] php_system.INFO: E_STRICT: array (   'type' => 2048,   'message' => 'Non-static method Imagick::queryformats() should not be called statically',   'file' => '/home/creactiv/public_html/demos/desvan/wp-includes/class-wp-image-editor-imagick.php',   'line' => 119, ) [] []
[2017-10-23 17:05:05] php_system.INFO: E_NOTICE: array (   'type' => 8,   'message' => 'Undefined index: class',   'file' => '/home/creactiv/public_html/demos/desvan/wp-content/plugins/woocommerce/includes/admin/meta-boxes/views/html-product-data-panel.php',   'line' => 35, ) [] []
[2017-10-23 17:05:12] php_system.INFO: E_NOTICE: array (   'type' => 8,   'message' => 'Undefined index: class',   'file' => '/home/creactiv/public_html/demos/desvan/wp-content/plugins/woocommerce/includes/admin/meta-boxes/views/html-product-data-panel.php',   'line' => 35, ) [] []
[2017-10-23 17:05:37] php_system.INFO: E_STRICT: array (   'type' => 2048,   'message' => 'Non-static method Imagick::queryformats() should not be called statically',   'file' => '/home/creactiv/public_html/demos/desvan/wp-includes/class-wp-image-editor-imagick.php',   'line' => 119, ) [] []
[2017-10-23 17:05:53] php_system.INFO: E_STRICT: array (   'type' => 2048,   'message' => 'Non-static method Imagick::queryformats() should not be called statically',   'file' => '/home/creactiv/public_html/demos/desvan/wp-includes/class-wp-image-editor-imagick.php',   'line' => 119, ) [] []
[2017-10-23 17:05:59] php_system.INFO: E_NOTICE: array (   'type' => 8,   'message' => 'Undefined index: class',   'file' => '/home/creactiv/public_html/demos/desvan/wp-content/plugins/woocommerce/includes/admin/meta-boxes/views/html-product-data-panel.php',   'line' => 35, ) [] []
[2017-10-23 17:06:29] php_system.INFO: E_NOTICE: array (   'type' => 8,   'message' => 'Undefined index: class',   'file' => '/home/creactiv/public_html/demos/desvan/wp-content/plugins/woocommerce/includes/admin/meta-boxes/views/html-product-data-panel.php',   'line' => 35, ) [] []
[2017-10-23 17:14:32] php_system.INFO: E_STRICT: array (   'type' => 2048,   'message' => 'Non-static method Imagick::queryformats() should not be called statically',   'file' => '/home/creactiv/public_html/demos/desvan/wp-includes/class-wp-image-editor-imagick.php',   'line' => 119, ) [] []
[2017-10-23 17:14:46] php_system.INFO: E_NOTICE: array (   'type' => 8,   'message' => 'Undefined index: class',   'file' => '/home/creactiv/public_html/demos/desvan/wp-content/plugins/woocommerce/includes/admin/meta-boxes/views/html-product-data-panel.php',   'line' => 35, ) [] []
[2017-10-23 17:23:56] php_system.INFO: E_NOTICE: array (   'type' => 8,   'message' => 'Undefined index: class',   'file' => '/home/creactiv/public_html/demos/desvan/wp-content/plugins/woocommerce/includes/admin/meta-boxes/views/html-product-data-panel.php',   'line' => 35, ) [] []
[2017-10-23 17:23:57] php_system.INFO: E_NOTICE: array (   'type' => 8,   'message' => 'Undefined index: class',   'file' => '/home/creactiv/public_html/demos/desvan/wp-content/plugins/woocommerce/includes/admin/meta-boxes/views/html-product-data-panel.php',   'line' => 35, ) [] []
[2017-10-23 17:23:58] php_system.INFO: E_NOTICE: array (   'type' => 8,   'message' => 'Undefined index: class',   'file' => '/home/creactiv/public_html/demos/desvan/wp-content/plugins/woocommerce/includes/admin/meta-boxes/views/html-product-data-panel.php',   'line' => 35, ) [] []
[2017-10-23 17:24:17] php_system.INFO: E_NOTICE: array (   'type' => 8,   'message' => 'Undefined index: class',   'file' => '/home/creactiv/public_html/demos/desvan/wp-content/plugins/woocommerce/includes/admin/meta-boxes/views/html-product-data-panel.php',   'line' => 35, ) [] []
[2017-10-23 17:24:31] php_system.INFO: E_NOTICE: array (   'type' => 8,   'message' => 'Undefined index: class',   'file' => '/home/creactiv/public_html/demos/desvan/wp-content/plugins/woocommerce/includes/admin/meta-boxes/views/html-product-data-panel.php',   'line' => 35, ) [] []
[2017-10-23 17:24:42] php_system.INFO: E_NOTICE: array (   'type' => 8,   'message' => 'Undefined index: class',   'file' => '/home/creactiv/public_html/demos/desvan/wp-content/plugins/woocommerce/includes/admin/meta-boxes/views/html-product-data-panel.php',   'line' => 35, ) [] []
[2017-10-23 17:24:45] php_system.INFO: E_NOTICE: array (   'type' => 8,   'message' => 'Undefined index: class',   'file' => '/home/creactiv/public_html/demos/desvan/wp-content/plugins/woocommerce/includes/admin/meta-boxes/views/html-product-data-panel.php',   'line' => 35, ) [] []
[2017-10-23 17:25:50] php_system.INFO: E_STRICT: array (   'type' => 2048,   'message' => 'Non-static method Imagick::queryformats() should not be called statically',   'file' => '/home/creactiv/public_html/demos/desvan/wp-includes/class-wp-image-editor-imagick.php',   'line' => 119, ) [] []
[2017-10-23 17:26:00] php_system.INFO: E_NOTICE: array (   'type' => 8,   'message' => 'Undefined index: class',   'file' => '/home/creactiv/public_html/demos/desvan/wp-content/plugins/woocommerce/includes/admin/meta-boxes/views/html-product-data-panel.php',   'line' => 35, ) [] []
[2017-10-23 17:26:11] php_system.INFO: E_NOTICE: array (   'type' => 8,   'message' => 'Undefined index: class',   'file' => '/home/creactiv/public_html/demos/desvan/wp-content/plugins/woocommerce/includes/admin/meta-boxes/views/html-product-data-panel.php',   'line' => 35, ) [] []
[2017-10-23 17:26:31] php_system.INFO: E_STRICT: array (   'type' => 2048,   'message' => 'Non-static method Imagick::queryformats() should not be called statically',   'file' => '/home/creactiv/public_html/demos/desvan/wp-includes/class-wp-image-editor-imagick.php',   'line' => 119, ) [] []
[2017-10-23 17:26:45] php_system.INFO: E_STRICT: array (   'type' => 2048,   'message' => 'Non-static method Imagick::queryformats() should not be called statically',   'file' => '/home/creactiv/public_html/demos/desvan/wp-includes/class-wp-image-editor-imagick.php',   'line' => 119, ) [] []
[2017-10-23 17:27:47] php_system.INFO: E_NOTICE: array (   'type' => 8,   'message' => 'Undefined index: class',   'file' => '/home/creactiv/public_html/demos/desvan/wp-content/plugins/woocommerce/includes/admin/meta-boxes/views/html-product-data-panel.php',   'line' => 35, ) [] []
[2017-10-23 17:27:59] php_system.INFO: E_NOTICE: array (   'type' => 8,   'message' => 'Undefined index: class',   'file' => '/home/creactiv/public_html/demos/desvan/wp-content/plugins/woocommerce/includes/admin/meta-boxes/views/html-product-data-panel.php',   'line' => 35, ) [] []
[2017-10-23 17:29:04] php_system.INFO: E_STRICT: array (   'type' => 2048,   'message' => 'Non-static method Imagick::queryformats() should not be called statically',   'file' => '/home/creactiv/public_html/demos/desvan/wp-includes/class-wp-image-editor-imagick.php',   'line' => 119, ) [] []
[2017-10-23 17:29:14] php_system.INFO: E_STRICT: array (   'type' => 2048,   'message' => 'Non-static method Imagick::queryformats() should not be called statically',   'file' => '/home/creactiv/public_html/demos/desvan/wp-includes/class-wp-image-editor-imagick.php',   'line' => 119, ) [] []
[2017-10-23 17:29:20] php_system.INFO: E_NOTICE: array (   'type' => 8,   'message' => 'Undefined index: class',   'file' => '/home/creactiv/public_html/demos/desvan/wp-content/plugins/woocommerce/includes/admin/meta-boxes/views/html-product-data-panel.php',   'line' => 35, ) [] []
[2017-10-23 17:30:59] php_system.INFO: E_NOTICE: array (   'type' => 8,   'message' => 'Undefined index: class',   'file' => '/home/creactiv/public_html/demos/desvan/wp-content/plugins/woocommerce/includes/admin/meta-boxes/views/html-product-data-panel.php',   'line' => 35, ) [] []
[2017-10-23 17:32:00] php_system.INFO: E_STRICT: array (   'type' => 2048,   'message' => 'Non-static method Imagick::queryformats() should not be called statically',   'file' => '/home/creactiv/public_html/demos/desvan/wp-includes/class-wp-image-editor-imagick.php',   'line' => 119, ) [] []
[2017-10-23 17:32:11] php_system.INFO: E_STRICT: array (   'type' => 2048,   'message' => 'Non-static method Imagick::queryformats() should not be called statically',   'file' => '/home/creactiv/public_html/demos/desvan/wp-includes/class-wp-image-editor-imagick.php',   'line' => 119, ) [] []
[2017-10-23 17:33:05] php_system.INFO: E_NOTICE: array (   'type' => 8,   'message' => 'Undefined index: class',   'file' => '/home/creactiv/public_html/demos/desvan/wp-content/plugins/woocommerce/includes/admin/meta-boxes/views/html-product-data-panel.php',   'line' => 35, ) [] []
[2017-10-23 17:33:26] php_system.INFO: E_NOTICE: array (   'type' => 8,   'message' => 'Undefined index: class',   'file' => '/home/creactiv/public_html/demos/desvan/wp-content/plugins/woocommerce/includes/admin/meta-boxes/views/html-product-data-panel.php',   'line' => 35, ) [] []
[2017-10-23 17:36:46] php_system.INFO: E_STRICT: array (   'type' => 2048,   'message' => 'Non-static method Imagick::queryformats() should not be called statically',   'file' => '/home/creactiv/public_html/demos/desvan/wp-includes/class-wp-image-editor-imagick.php',   'line' => 119, ) [] []
[2017-10-23 17:37:02] php_system.INFO: E_STRICT: array (   'type' => 2048,   'message' => 'Non-static method Imagick::queryformats() should not be called statically',   'file' => '/home/creactiv/public_html/demos/desvan/wp-includes/class-wp-image-editor-imagick.php',   'line' => 119, ) [] []
[2017-10-23 17:37:14] php_system.INFO: E_NOTICE: array (   'type' => 8,   'message' => 'Undefined index: class',   'file' => '/home/creactiv/public_html/demos/desvan/wp-content/plugins/woocommerce/includes/admin/meta-boxes/views/html-product-data-panel.php',   'line' => 35, ) [] []
[2017-10-23 17:37:29] php_system.INFO: E_NOTICE: array (   'type' => 8,   'message' => 'Undefined index: class',   'file' => '/home/creactiv/public_html/demos/desvan/wp-content/plugins/woocommerce/includes/admin/meta-boxes/views/html-product-data-panel.php',   'line' => 35, ) [] []
[2017-10-23 17:38:32] php_system.INFO: E_STRICT: array (   'type' => 2048,   'message' => 'Non-static method Imagick::queryformats() should not be called statically',   'file' => '/home/creactiv/public_html/demos/desvan/wp-includes/class-wp-image-editor-imagick.php',   'line' => 119, ) [] []
[2017-10-23 17:38:46] php_system.INFO: E_STRICT: array (   'type' => 2048,   'message' => 'Non-static method Imagick::queryformats() should not be called statically',   'file' => '/home/creactiv/public_html/demos/desvan/wp-includes/class-wp-image-editor-imagick.php',   'line' => 119, ) [] []
[2017-10-23 17:38:54] php_system.INFO: E_NOTICE: array (   'type' => 8,   'message' => 'Undefined index: class',   'file' => '/home/creactiv/public_html/demos/desvan/wp-content/plugins/woocommerce/includes/admin/meta-boxes/views/html-product-data-panel.php',   'line' => 35, ) [] []
[2017-10-23 17:39:13] php_system.INFO: E_NOTICE: array (   'type' => 8,   'message' => 'Undefined index: class',   'file' => '/home/creactiv/public_html/demos/desvan/wp-content/plugins/woocommerce/includes/admin/meta-boxes/views/html-product-data-panel.php',   'line' => 35, ) [] []
[2017-10-23 17:39:21] php_system.INFO: E_NOTICE: array (   'type' => 8,   'message' => 'Undefined index: class',   'file' => '/home/creactiv/public_html/demos/desvan/wp-content/plugins/woocommerce/includes/admin/meta-boxes/views/html-product-data-panel.php',   'line' => 35, ) [] []
[2017-10-23 17:39:33] php_system.INFO: E_NOTICE: array (   'type' => 8,   'message' => 'Undefined index: class',   'file' => '/home/creactiv/public_html/demos/desvan/wp-content/plugins/woocommerce/includes/admin/meta-boxes/views/html-product-data-panel.php',   'line' => 35, ) [] []
[2017-10-23 17:47:50] php_system.INFO: E_NOTICE: array (   'type' => 8,   'message' => 'Undefined index: class',   'file' => '/home/creactiv/public_html/demos/desvan/wp-content/plugins/woocommerce/includes/admin/meta-boxes/views/html-product-data-panel.php',   'line' => 35, ) [] []
