[2017-07-11 16:15:13] php_system.INFO: E_NOTICE: array (   'type' => 8,   'message' => 'Trying to get property of non-object',   'file' => 'C:\\wamp\\www\\desvan\\wp-content\\plugins\\nextend-google-connect\\nextend-google-connect.php',   'line' => 383, ) [] []
[2017-07-11 16:15:22] php_system.INFO: E_STRICT: array (   'type' => 2048,   'message' => 'call_user_func_array() expects parameter 1 to be a valid callback, non-static method WP_Feed_Cache::create() should not be called statically',   'file' => 'C:\\wamp\\www\\desvan\\wp-includes\\SimplePie\\Registry.php',   'line' => 215, ) [] []
[2017-07-11 18:03:48] php_system.INFO: E_NOTICE: array (   'type' => 8,   'message' => 'Trying to get property of non-object',   'file' => 'C:\\wamp\\www\\desvan\\wp-content\\plugins\\nextend-google-connect\\nextend-google-connect.php',   'line' => 383, ) [] []
[2017-07-11 18:48:19] php_system.INFO: E_NOTICE: array (   'type' => 8,   'message' => 'Undefined index: fb_link_button',   'file' => 'C:\\wamp\\www\\desvan\\wp-content\\plugins\\nextend-facebook-connect\\nextend-facebook-connect.php',   'line' => 495, ) [] []
[2017-07-11 21:21:19] php_system.INFO: E_NOTICE: array (   'type' => 8,   'message' => 'Trying to get property of non-object',   'file' => 'C:\\wamp\\www\\desvan\\wp-content\\plugins\\nextend-google-connect\\nextend-google-connect.php',   'line' => 383, ) [] []
[2017-07-11 21:32:32] php_system.INFO: E_NOTICE: array (   'type' => 8,   'message' => 'Undefined index: class',   'file' => 'C:\\wamp\\www\\desvan\\wp-content\\plugins\\woocommerce\\includes\\admin\\meta-boxes\\views\\html-product-data-panel.php',   'line' => 35, ) [] []
[2017-07-11 21:37:11] php_system.INFO: E_NOTICE: array (   'type' => 8,   'message' => 'Undefined index: class',   'file' => 'C:\\wamp\\www\\desvan\\wp-content\\plugins\\woocommerce\\includes\\admin\\meta-boxes\\views\\html-product-data-panel.php',   'line' => 35, ) [] []
[2017-07-11 22:04:05] php_system.INFO: E_NOTICE: array (   'type' => 8,   'message' => 'Undefined index: class',   'file' => 'C:\\wamp\\www\\desvan\\wp-content\\plugins\\woocommerce\\includes\\admin\\meta-boxes\\views\\html-product-data-panel.php',   'line' => 35, ) [] []
[2017-07-11 22:15:33] php_system.INFO: E_NOTICE: array (   'type' => 8,   'message' => 'Undefined index: max',   'file' => 'C:\\wamp\\www\\desvan\\wp-content\\plugins\\yith-woocommerce-product-add-ons\\templates\\yith_wapo\\admin\\yith-wapo-form-option-type.php',   'line' => 134, ) [] []
[2017-07-11 22:15:55] php_system.INFO: E_NOTICE: array (   'type' => 8,   'message' => 'Undefined index: max',   'file' => 'C:\\wamp\\www\\desvan\\wp-content\\plugins\\yith-woocommerce-product-add-ons\\templates\\yith_wapo\\admin\\yith-wapo-form-option-type.php',   'line' => 134, ) [] []
[2017-07-11 22:16:05] php_system.INFO: E_NOTICE: array (   'type' => 8,   'message' => 'Undefined index: max',   'file' => 'C:\\wamp\\www\\desvan\\wp-content\\plugins\\yith-woocommerce-product-add-ons\\templates\\yith_wapo\\admin\\yith-wapo-form-option-type.php',   'line' => 134, ) [] []
[2017-07-11 22:16:20] php_system.INFO: E_NOTICE: array (   'type' => 8,   'message' => 'Undefined index: class',   'file' => 'C:\\wamp\\www\\desvan\\wp-content\\plugins\\woocommerce\\includes\\admin\\meta-boxes\\views\\html-product-data-panel.php',   'line' => 35, ) [] []
[2017-07-11 22:17:43] php_system.INFO: E_NOTICE: array (   'type' => 8,   'message' => 'Undefined index: max',   'file' => 'C:\\wamp\\www\\desvan\\wp-content\\plugins\\yith-woocommerce-product-add-ons\\templates\\yith_wapo\\admin\\yith-wapo-form-option-type.php',   'line' => 134, ) [] []
[2017-07-11 22:20:56] php_system.INFO: E_NOTICE: array (   'type' => 8,   'message' => 'Undefined index: max',   'file' => 'C:\\wamp\\www\\desvan\\wp-content\\plugins\\yith-woocommerce-product-add-ons\\templates\\yith_wapo\\admin\\yith-wapo-form-option-type.php',   'line' => 134, ) [] []
[2017-07-11 22:22:46] php_system.INFO: E_NOTICE: array (   'type' => 8,   'message' => 'Undefined index: max',   'file' => 'C:\\wamp\\www\\desvan\\wp-content\\plugins\\yith-woocommerce-product-add-ons\\templates\\yith_wapo\\admin\\yith-wapo-form-option-type.php',   'line' => 134, ) [] []
[2017-07-11 22:23:09] php_system.INFO: E_NOTICE: array (   'type' => 8,   'message' => 'Undefined index: max',   'file' => 'C:\\wamp\\www\\desvan\\wp-content\\plugins\\yith-woocommerce-product-add-ons\\templates\\yith_wapo\\admin\\yith-wapo-form-option-type.php',   'line' => 134, ) [] []
[2017-07-11 22:23:22] php_system.INFO: E_NOTICE: array (   'type' => 8,   'message' => 'Undefined index: class',   'file' => 'C:\\wamp\\www\\desvan\\wp-content\\plugins\\woocommerce\\includes\\admin\\meta-boxes\\views\\html-product-data-panel.php',   'line' => 35, ) [] []
[2017-07-11 23:32:04] php_system.INFO: E_NOTICE: array (   'type' => 8,   'message' => 'unserialize(): Error at offset 0 of 491 bytes',   'file' => 'C:\\wamp\\www\\desvan\\wp-content\\plugins\\fancy-product-designer\\inc\\class-fancy-product.php',   'line' => 221, ) [] []
[2017-07-11 23:32:08] php_system.INFO: E_NOTICE: array (   'type' => 8,   'message' => 'unserialize(): Error at offset 0 of 491 bytes',   'file' => 'C:\\wamp\\www\\desvan\\wp-content\\plugins\\fancy-product-designer\\inc\\class-fancy-view.php',   'line' => 32, ) [] []
[2017-07-11 23:32:12] php_system.INFO: E_NOTICE: array (   'type' => 8,   'message' => 'unserialize(): Error at offset 0 of 491 bytes',   'file' => 'C:\\wamp\\www\\desvan\\wp-content\\plugins\\fancy-product-designer\\inc\\class-fancy-product.php',   'line' => 221, ) [] []
