[2017-07-12 14:30:24] php_system.INFO: E_NOTICE: array (   'type' => 8,   'message' => 'Trying to get property of non-object',   'file' => 'C:\\wamp\\www\\desvan\\wp-content\\plugins\\nextend-google-connect\\nextend-google-connect.php',   'line' => 383, ) [] []
[2017-07-12 14:30:31] php_system.INFO: E_STRICT: array (   'type' => 2048,   'message' => 'call_user_func_array() expects parameter 1 to be a valid callback, non-static method WP_Feed_Cache::create() should not be called statically',   'file' => 'C:\\wamp\\www\\desvan\\wp-includes\\SimplePie\\Registry.php',   'line' => 215, ) [] []
[2017-07-12 15:51:37] php_system.INFO: E_NOTICE: array (   'type' => 8,   'message' => 'unserialize(): Error at offset 0 of 491 bytes',   'file' => 'C:\\wamp\\www\\desvan\\wp-content\\plugins\\fancy-product-designer\\inc\\class-fancy-product.php',   'line' => 221, ) [] []
[2017-07-12 16:59:24] php_system.INFO: E_NOTICE: array (   'type' => 8,   'message' => 'unserialize(): Error at offset 0 of 491 bytes',   'file' => 'C:\\wamp\\www\\desvan\\wp-content\\plugins\\fancy-product-designer\\inc\\class-fancy-product.php',   'line' => 221, ) [] []
[2017-07-12 16:59:29] php_system.INFO: E_NOTICE: array (   'type' => 8,   'message' => 'unserialize(): Error at offset 0 of 491 bytes',   'file' => 'C:\\wamp\\www\\desvan\\wp-content\\plugins\\fancy-product-designer\\inc\\class-fancy-view.php',   'line' => 32, ) [] []
[2017-07-12 16:59:32] php_system.INFO: E_NOTICE: array (   'type' => 8,   'message' => 'unserialize(): Error at offset 0 of 491 bytes',   'file' => 'C:\\wamp\\www\\desvan\\wp-content\\plugins\\fancy-product-designer\\inc\\class-fancy-product.php',   'line' => 221, ) [] []
[2017-07-12 17:11:42] php_system.INFO: E_NOTICE: array (   'type' => 8,   'message' => 'unserialize(): Error at offset 0 of 1461 bytes',   'file' => 'C:\\wamp\\www\\desvan\\wp-content\\plugins\\fancy-product-designer\\inc\\class-fancy-product.php',   'line' => 221, ) [] []
[2017-07-12 17:11:46] php_system.INFO: E_NOTICE: array (   'type' => 8,   'message' => 'unserialize(): Error at offset 0 of 1461 bytes',   'file' => 'C:\\wamp\\www\\desvan\\wp-content\\plugins\\fancy-product-designer\\inc\\class-fancy-view.php',   'line' => 32, ) [] []
[2017-07-12 17:11:50] php_system.INFO: E_NOTICE: array (   'type' => 8,   'message' => 'unserialize(): Error at offset 0 of 1461 bytes',   'file' => 'C:\\wamp\\www\\desvan\\wp-content\\plugins\\fancy-product-designer\\inc\\class-fancy-product.php',   'line' => 221, ) [] []
[2017-07-12 17:13:34] php_system.INFO: E_NOTICE: array (   'type' => 8,   'message' => 'unserialize(): Error at offset 0 of 1461 bytes',   'file' => 'C:\\wamp\\www\\desvan\\wp-content\\plugins\\fancy-product-designer\\inc\\class-fancy-product.php',   'line' => 221, ) [] []
[2017-07-12 17:14:11] php_system.INFO: E_NOTICE: array (   'type' => 8,   'message' => 'unserialize(): Error at offset 0 of 1461 bytes',   'file' => 'C:\\wamp\\www\\desvan\\wp-content\\plugins\\fancy-product-designer\\inc\\class-fancy-product.php',   'line' => 221, ) [] []
[2017-07-12 17:14:20] php_system.INFO: E_NOTICE: array (   'type' => 8,   'message' => 'unserialize(): Error at offset 0 of 1461 bytes',   'file' => 'C:\\wamp\\www\\desvan\\wp-content\\plugins\\fancy-product-designer\\inc\\class-fancy-product.php',   'line' => 221, ) [] []
[2017-07-12 17:14:37] php_system.INFO: E_NOTICE: array (   'type' => 8,   'message' => 'unserialize(): Error at offset 0 of 1461 bytes',   'file' => 'C:\\wamp\\www\\desvan\\wp-content\\plugins\\fancy-product-designer\\inc\\class-fancy-product.php',   'line' => 221, ) [] []
[2017-07-12 17:14:42] php_system.INFO: E_NOTICE: array (   'type' => 8,   'message' => 'unserialize(): Error at offset 0 of 1461 bytes',   'file' => 'C:\\wamp\\www\\desvan\\wp-content\\plugins\\fancy-product-designer\\inc\\class-fancy-product.php',   'line' => 221, ) [] []
[2017-07-12 17:14:46] php_system.INFO: E_NOTICE: array (   'type' => 8,   'message' => 'unserialize(): Error at offset 0 of 1461 bytes',   'file' => 'C:\\wamp\\www\\desvan\\wp-content\\plugins\\fancy-product-designer\\inc\\class-fancy-view.php',   'line' => 32, ) [] []
[2017-07-12 17:14:50] php_system.INFO: E_NOTICE: array (   'type' => 8,   'message' => 'unserialize(): Error at offset 0 of 1461 bytes',   'file' => 'C:\\wamp\\www\\desvan\\wp-content\\plugins\\fancy-product-designer\\inc\\class-fancy-product.php',   'line' => 221, ) [] []
[2017-07-12 17:15:07] php_system.INFO: E_NOTICE: array (   'type' => 8,   'message' => 'unserialize(): Error at offset 0 of 1461 bytes',   'file' => 'C:\\wamp\\www\\desvan\\wp-content\\plugins\\fancy-product-designer\\inc\\class-fancy-product.php',   'line' => 221, ) [] []
[2017-07-12 17:15:23] php_system.INFO: E_NOTICE: array (   'type' => 8,   'message' => 'unserialize(): Error at offset 0 of 1461 bytes',   'file' => 'C:\\wamp\\www\\desvan\\wp-content\\plugins\\fancy-product-designer\\inc\\class-fancy-product.php',   'line' => 221, ) [] []
[2017-07-12 17:15:27] php_system.INFO: E_NOTICE: array (   'type' => 8,   'message' => 'unserialize(): Error at offset 0 of 1461 bytes',   'file' => 'C:\\wamp\\www\\desvan\\wp-content\\plugins\\fancy-product-designer\\inc\\class-fancy-view.php',   'line' => 32, ) [] []
[2017-07-12 17:15:31] php_system.INFO: E_NOTICE: array (   'type' => 8,   'message' => 'unserialize(): Error at offset 0 of 1461 bytes',   'file' => 'C:\\wamp\\www\\desvan\\wp-content\\plugins\\fancy-product-designer\\inc\\class-fancy-product.php',   'line' => 221, ) [] []
[2017-07-12 17:18:31] php_system.INFO: E_NOTICE: array (   'type' => 8,   'message' => 'unserialize(): Error at offset 0 of 1461 bytes',   'file' => 'C:\\wamp\\www\\desvan\\wp-content\\plugins\\fancy-product-designer\\inc\\class-fancy-product.php',   'line' => 221, ) [] []
[2017-07-12 17:18:55] php_system.INFO: E_NOTICE: array (   'type' => 8,   'message' => 'unserialize(): Error at offset 0 of 1461 bytes',   'file' => 'C:\\wamp\\www\\desvan\\wp-content\\plugins\\fancy-product-designer\\inc\\class-fancy-product.php',   'line' => 221, ) [] []
[2017-07-12 17:18:59] php_system.INFO: E_NOTICE: array (   'type' => 8,   'message' => 'unserialize(): Error at offset 0 of 1461 bytes',   'file' => 'C:\\wamp\\www\\desvan\\wp-content\\plugins\\fancy-product-designer\\inc\\class-fancy-view.php',   'line' => 32, ) [] []
[2017-07-12 17:19:03] php_system.INFO: E_NOTICE: array (   'type' => 8,   'message' => 'unserialize(): Error at offset 0 of 1461 bytes',   'file' => 'C:\\wamp\\www\\desvan\\wp-content\\plugins\\fancy-product-designer\\inc\\class-fancy-product.php',   'line' => 221, ) [] []
[2017-07-12 17:34:20] php_system.INFO: E_NOTICE: array (   'type' => 8,   'message' => 'Undefined index: class',   'file' => 'C:\\wamp\\www\\desvan\\wp-content\\plugins\\woocommerce\\includes\\admin\\meta-boxes\\views\\html-product-data-panel.php',   'line' => 35, ) [] []
[2017-07-12 17:35:21] php_system.INFO: E_NOTICE: array (   'type' => 8,   'message' => 'Undefined index: class',   'file' => 'C:\\wamp\\www\\desvan\\wp-content\\plugins\\woocommerce\\includes\\admin\\meta-boxes\\views\\html-product-data-panel.php',   'line' => 35, ) [] []
[2017-07-12 17:35:58] php_system.INFO: E_NOTICE: array (   'type' => 8,   'message' => 'Undefined index: class',   'file' => 'C:\\wamp\\www\\desvan\\wp-content\\plugins\\woocommerce\\includes\\admin\\meta-boxes\\views\\html-product-data-panel.php',   'line' => 35, ) [] []
[2017-07-12 17:38:46] php_system.INFO: E_NOTICE: array (   'type' => 8,   'message' => 'unserialize(): Error at offset 0 of 1461 bytes',   'file' => 'C:\\wamp\\www\\desvan\\wp-content\\plugins\\fancy-product-designer\\inc\\class-fancy-product.php',   'line' => 221, ) [] []
[2017-07-12 17:38:51] php_system.INFO: E_NOTICE: array (   'type' => 8,   'message' => 'unserialize(): Error at offset 0 of 1461 bytes',   'file' => 'C:\\wamp\\www\\desvan\\wp-content\\plugins\\fancy-product-designer\\inc\\class-fancy-view.php',   'line' => 32, ) [] []
[2017-07-12 17:38:55] php_system.INFO: E_NOTICE: array (   'type' => 8,   'message' => 'unserialize(): Error at offset 0 of 1461 bytes',   'file' => 'C:\\wamp\\www\\desvan\\wp-content\\plugins\\fancy-product-designer\\inc\\class-fancy-product.php',   'line' => 221, ) [] []
[2017-07-12 17:41:55] php_system.INFO: E_NOTICE: array (   'type' => 8,   'message' => 'unserialize(): Error at offset 0 of 1498 bytes',   'file' => 'C:\\wamp\\www\\desvan\\wp-content\\plugins\\fancy-product-designer\\inc\\class-fancy-product.php',   'line' => 221, ) [] []
[2017-07-12 17:41:58] php_system.INFO: E_NOTICE: array (   'type' => 8,   'message' => 'unserialize(): Error at offset 0 of 1498 bytes',   'file' => 'C:\\wamp\\www\\desvan\\wp-content\\plugins\\fancy-product-designer\\inc\\class-fancy-view.php',   'line' => 32, ) [] []
[2017-07-12 17:42:03] php_system.INFO: E_NOTICE: array (   'type' => 8,   'message' => 'unserialize(): Error at offset 0 of 1498 bytes',   'file' => 'C:\\wamp\\www\\desvan\\wp-content\\plugins\\fancy-product-designer\\inc\\class-fancy-product.php',   'line' => 221, ) [] []
[2017-07-12 17:42:24] php_system.INFO: E_NOTICE: array (   'type' => 8,   'message' => 'unserialize(): Error at offset 0 of 1474 bytes',   'file' => 'C:\\wamp\\www\\desvan\\wp-content\\plugins\\fancy-product-designer\\inc\\class-fancy-product.php',   'line' => 221, ) [] []
[2017-07-12 17:42:29] php_system.INFO: E_NOTICE: array (   'type' => 8,   'message' => 'unserialize(): Error at offset 0 of 1474 bytes',   'file' => 'C:\\wamp\\www\\desvan\\wp-content\\plugins\\fancy-product-designer\\inc\\class-fancy-view.php',   'line' => 32, ) [] []
[2017-07-12 17:42:33] php_system.INFO: E_NOTICE: array (   'type' => 8,   'message' => 'unserialize(): Error at offset 0 of 1474 bytes',   'file' => 'C:\\wamp\\www\\desvan\\wp-content\\plugins\\fancy-product-designer\\inc\\class-fancy-product.php',   'line' => 221, ) [] []
[2017-07-12 17:48:22] php_system.INFO: E_NOTICE: array (   'type' => 8,   'message' => 'Undefined index: class',   'file' => 'C:\\wamp\\www\\desvan\\wp-content\\plugins\\woocommerce\\includes\\admin\\meta-boxes\\views\\html-product-data-panel.php',   'line' => 35, ) [] []
[2017-07-12 17:49:08] php_system.INFO: E_NOTICE: array (   'type' => 8,   'message' => 'Undefined index: class',   'file' => 'C:\\wamp\\www\\desvan\\wp-content\\plugins\\woocommerce\\includes\\admin\\meta-boxes\\views\\html-product-data-panel.php',   'line' => 35, ) [] []
[2017-07-12 17:50:30] php_system.INFO: E_NOTICE: array (   'type' => 8,   'message' => 'Undefined index: class',   'file' => 'C:\\wamp\\www\\desvan\\wp-content\\plugins\\woocommerce\\includes\\admin\\meta-boxes\\views\\html-product-data-panel.php',   'line' => 35, ) [] []
[2017-07-12 20:27:07] php_system.INFO: E_NOTICE: array (   'type' => 8,   'message' => 'unserialize(): Error at offset 0 of 1474 bytes',   'file' => 'C:\\wamp\\www\\desvan\\wp-content\\plugins\\fancy-product-designer\\inc\\class-fancy-product.php',   'line' => 221, ) [] []
[2017-07-12 20:27:11] php_system.INFO: E_NOTICE: array (   'type' => 8,   'message' => 'unserialize(): Error at offset 0 of 1474 bytes',   'file' => 'C:\\wamp\\www\\desvan\\wp-content\\plugins\\fancy-product-designer\\inc\\class-fancy-view.php',   'line' => 32, ) [] []
[2017-07-12 20:27:15] php_system.INFO: E_NOTICE: array (   'type' => 8,   'message' => 'unserialize(): Error at offset 0 of 1474 bytes',   'file' => 'C:\\wamp\\www\\desvan\\wp-content\\plugins\\fancy-product-designer\\inc\\class-fancy-product.php',   'line' => 221, ) [] []
[2017-07-12 20:36:34] php_system.INFO: E_NOTICE: array (   'type' => 8,   'message' => 'unserialize(): Error at offset 0 of 1498 bytes',   'file' => 'C:\\wamp\\www\\desvan\\wp-content\\plugins\\fancy-product-designer\\inc\\class-fancy-product.php',   'line' => 221, ) [] []
[2017-07-12 20:36:38] php_system.INFO: E_NOTICE: array (   'type' => 8,   'message' => 'unserialize(): Error at offset 0 of 1498 bytes',   'file' => 'C:\\wamp\\www\\desvan\\wp-content\\plugins\\fancy-product-designer\\inc\\class-fancy-view.php',   'line' => 32, ) [] []
[2017-07-12 20:36:42] php_system.INFO: E_NOTICE: array (   'type' => 8,   'message' => 'unserialize(): Error at offset 0 of 1498 bytes',   'file' => 'C:\\wamp\\www\\desvan\\wp-content\\plugins\\fancy-product-designer\\inc\\class-fancy-product.php',   'line' => 221, ) [] []
[2017-07-12 20:36:53] php_system.INFO: E_NOTICE: array (   'type' => 8,   'message' => 'unserialize(): Error at offset 0 of 1461 bytes',   'file' => 'C:\\wamp\\www\\desvan\\wp-content\\plugins\\fancy-product-designer\\inc\\class-fancy-product.php',   'line' => 221, ) [] []
[2017-07-12 20:36:57] php_system.INFO: E_NOTICE: array (   'type' => 8,   'message' => 'unserialize(): Error at offset 0 of 1461 bytes',   'file' => 'C:\\wamp\\www\\desvan\\wp-content\\plugins\\fancy-product-designer\\inc\\class-fancy-view.php',   'line' => 32, ) [] []
[2017-07-12 20:37:01] php_system.INFO: E_NOTICE: array (   'type' => 8,   'message' => 'unserialize(): Error at offset 0 of 1461 bytes',   'file' => 'C:\\wamp\\www\\desvan\\wp-content\\plugins\\fancy-product-designer\\inc\\class-fancy-product.php',   'line' => 221, ) [] []
